<?xml version="1.0" encoding="UTF-8"?>
<!-- Generated by org.testng.reporters.JUnitReportReporter -->
<testsuite hostname="M2B-D-6ZCGXH2" name="Automation.Regression" tests="1" failures="0" timestamp="19 Jul 2019 11:57:08 GMT" time="68.257" errors="0">
  <testcase name="AVS" time="68.257" classname="Automation.Regression"/>
</testsuite> <!-- Automation.Regression -->
